test_f32_abs_1() => f32:1.000000
test_f32_abs_2() => f32:1.000000
test_f32_abs_3() => f32:0.000000
test_f32_abs_4() => f32:0.000000
test_f32_abs_5() => f32:nan
test_f32_abs_6() => f32:inf
test_f32_abs_7() => f32:inf
test_f32_neg_1() => f32:-1.000000
test_f32_neg_2() => f32:1.000000
test_f32_neg_3() => f32:-inf
test_f32_neg_4() => f32:inf
test_f32_neg_5() => f32:-0.000000
test_f32_neg_6() => f32:0.000000
test_f32_neg_7() => f32:nan
test_f32_sqrt_1() => f32:1.414214
test_f32_sqrt_2() => f32:0.000000
test_f32_sqrt_3() => f32:-0.000000
test_f32_sqrt_4() => f32:inf
test_f32_sqrt_5() => f32:-nan
test_f32_sqrt_6() => f32:nan
test_f32_add_1() => f32:3.500000
test_f32_add_2() => f32:-1.000000
test_f32_add_3() => f32:1.000000
test_f32_add_4() => f32:nan
test_f32_add_5() => f32:nan
test_f32_add_6() => f32:inf
test_f32_add_7() => f32:-inf
test_f32_add_8() => f32:-nan
test_f32_add_9() => f32:inf
test_f32_add_10() => f32:-inf
test_f32_sub_1() => f32:-1.000000
test_f32_sub_2() => f32:-3.000000
test_f32_sub_3() => f32:1.000000
test_f32_sub_4() => f32:nan
test_f32_sub_5() => f32:nan
test_f32_sub_6() => f32:inf
test_f32_sub_7() => f32:inf
test_f32_sub_8() => f32:inf
test_f32_sub_9() => f32:-inf
test_f32_sub_10() => f32:-nan
test_f32_mul_1() => f32:6.000000
test_f32_mul_2() => f32:-6.000000
test_f32_mul_3() => f32:0.000000
test_f32_mul_4() => f32:-0.000000
test_f32_mul_5() => f32:inf
test_f32_mul_6() => f32:-inf
test_f32_mul_7() => f32:-nan
test_f32_mul_8() => f32:inf
test_f32_mul_9() => f32:-inf
test_f32_mul_10() => f32:nan
test_f32_div_1() => f32:2.000000
test_f32_div_2() => f32:-2.000000
test_f32_div_3() => f32:inf
test_f32_div_4() => f32:-inf
test_f32_div_5() => f32:inf
test_f32_div_6() => f32:-inf
test_f32_div_7() => f32:0.000000
test_f32_div_8() => f32:-0.000000
test_f32_div_9() => f32:inf
test_f32_div_10() => f32:-inf
test_f32_div_11() => f32:0.000000
test_f32_div_12() => f32:-0.000000
test_f32_div_13() => f32:-nan
test_f32_div_14() => f32:-nan
test_f32_div_15() => f32:-nan
test_f32_div_16() => f32:-nan
test_f32_div_17() => f32:nan
test_f32_div_18() => f32:nan
test_f32_copysign_1() => f32:2.000000
test_f32_copysign_2() => f32:-2.000000
test_f32_copysign_3() => f32:2.000000
test_f32_copysign_4() => f32:-2.000000
test_f32_copysign_5() => f32:0.000000
test_f32_copysign_6() => f32:-0.000000
test_f32_copysign_7() => f32:0.000000
test_f32_copysign_8() => f32:-0.000000
test_f32_copysign_9() => f32:1.000000
test_f32_copysign_10() => f32:-1.000000
test_f32_copysign_11() => f32:1.000000
test_f32_copysign_12() => f32:-1.000000
