test_f32_min_0() => f32:-1.000000
test_f32_min_1() => f32:0.000000
test_f32_min_2() => f32:-1.000000
test_f32_min_3() => f32:-inf
test_f32_min_4() => f32:-inf
test_f32_min_5() => f32:3.140000
test_f32_min_6() => f32:-6.280000
test_f32_min_7() => f32:-0.000000
test_f32_min_8() => f32:-0.000000
test_f32_min_9() => f32:0.000000
test_f32_min_10() => f32:nan
test_f32_min_11() => f32:-nan
test_f32_min_12() => f32:nan
test_f32_min_13() => f32:nan
test_f32_min_14() => f32:-nan
test_f32_max_0() => f32:1.000000
test_f32_max_1() => f32:-0.000000
test_f32_max_2() => f32:1.000000
test_f32_max_3() => f32:inf
test_f32_max_4() => f32:inf
test_f32_max_5() => f32:3.140000
test_f32_max_6() => f32:-6.280000
test_f32_max_7() => f32:0.000000
test_f32_max_8() => f32:0.000000
test_f32_max_9() => f32:-0.000000
test_f32_max_10() => f32:nan
test_f32_max_11() => f32:-nan
test_f32_max_12() => f32:nan
test_f32_max_13() => f32:nan
test_f32_max_14() => f32:-nan
