test_f64_abs_1() => f64:1.000000
test_f64_abs_2() => f64:1.000000
test_f64_abs_3() => f64:0.000000
test_f64_abs_4() => f64:0.000000
test_f64_abs_5() => f64:nan
test_f64_abs_6() => f64:inf
test_f64_abs_7() => f64:inf
test_f64_neg_1() => f64:-1.000000
test_f64_neg_2() => f64:1.000000
test_f64_neg_3() => f64:-inf
test_f64_neg_4() => f64:inf
test_f64_neg_5() => f64:-0.000000
test_f64_neg_6() => f64:0.000000
test_f64_neg_7() => f64:nan
test_f64_sqrt_1() => f64:1.414214
test_f64_sqrt_2() => f64:0.000000
test_f64_sqrt_3() => f64:-0.000000
test_f64_sqrt_4() => f64:inf
test_f64_sqrt_5() => f64:-nan
test_f64_sqrt_6() => f64:nan
test_f64_add_1() => f64:3.500000
test_f64_add_2() => f64:-1.000000
test_f64_add_3() => f64:1.000000
test_f64_add_4() => f64:nan
test_f64_add_5() => f64:nan
test_f64_add_6() => f64:inf
test_f64_add_7() => f64:-inf
test_f64_add_8() => f64:-nan
test_f64_add_9() => f64:inf
test_f64_add_10() => f64:-inf
test_f64_sub_1() => f64:-1.000000
test_f64_sub_2() => f64:-3.000000
test_f64_sub_3() => f64:1.000000
test_f64_sub_4() => f64:nan
test_f64_sub_5() => f64:nan
test_f64_sub_6() => f64:inf
test_f64_sub_7() => f64:inf
test_f64_sub_8() => f64:inf
test_f64_sub_9() => f64:-inf
test_f64_sub_10() => f64:-nan
test_f64_mul_1() => f64:6.000000
test_f64_mul_2() => f64:-6.000000
test_f64_mul_3() => f64:0.000000
test_f64_mul_4() => f64:-0.000000
test_f64_mul_5() => f64:inf
test_f64_mul_6() => f64:-inf
test_f64_mul_7() => f64:-nan
test_f64_mul_8() => f64:inf
test_f64_mul_9() => f64:-inf
test_f64_mul_10() => f64:nan
test_f64_div_1() => f64:2.000000
test_f64_div_2() => f64:-2.000000
test_f64_div_3() => f64:inf
test_f64_div_4() => f64:-inf
test_f64_div_5() => f64:inf
test_f64_div_6() => f64:-inf
test_f64_div_7() => f64:0.000000
test_f64_div_8() => f64:-0.000000
test_f64_div_9() => f64:inf
test_f64_div_10() => f64:-inf
test_f64_div_11() => f64:0.000000
test_f64_div_12() => f64:-0.000000
test_f64_div_13() => f64:-nan
test_f64_div_14() => f64:-nan
test_f64_div_15() => f64:-nan
test_f64_div_16() => f64:-nan
test_f64_div_17() => f64:nan
test_f64_div_18() => f64:nan
test_f64_copysign_1() => f64:2.000000
test_f64_copysign_2() => f64:-2.000000
test_f64_copysign_3() => f64:2.000000
test_f64_copysign_4() => f64:-2.000000
test_f64_copysign_5() => f64:0.000000
test_f64_copysign_6() => f64:-0.000000
test_f64_copysign_7() => f64:0.000000
test_f64_copysign_8() => f64:-0.000000
test_f64_copysign_9() => f64:1.000000
test_f64_copysign_10() => f64:-1.000000
test_f64_copysign_11() => f64:1.000000
test_f64_copysign_12() => f64:-1.000000
