test_i32_eqz_1() => i32:1
test_i32_eqz_2() => i32:0
test_i32_eqz_3() => i32:0
test_i32_eq_1() => i32:1
test_i32_eq_2() => i32:0
test_i32_eq_3() => i32:1
test_i32_eq_4() => i32:0
test_i32_ne_1() => i32:0
test_i32_ne_2() => i32:1
test_i32_ne_3() => i32:0
test_i32_ne_4() => i32:1
test_i32_lt_s_1() => i32:1
test_i32_lt_s_2() => i32:0
test_i32_lt_s_3() => i32:0
test_i32_lt_u_1() => i32:0
test_i32_lt_u_2() => i32:0
test_i32_lt_u_3() => i32:1
test_i32_gt_s_1() => i32:0
test_i32_gt_s_2() => i32:0
test_i32_gt_s_3() => i32:1
test_i32_gt_u_1() => i32:1
test_i32_gt_u_2() => i32:0
test_i32_gt_u_3() => i32:0
test_i32_le_s_1() => i32:1
test_i32_le_s_2() => i32:1
test_i32_le_s_3() => i32:0
test_i32_le_u_1() => i32:0
test_i32_le_u_2() => i32:1
test_i32_le_u_3() => i32:1
test_i32_ge_s_1() => i32:0
test_i32_ge_s_2() => i32:1
test_i32_ge_s_3() => i32:1
test_i32_ge_u_1() => i32:1
test_i32_ge_u_2() => i32:1
test_i32_ge_u_3() => i32:0
