test_add_1_i32() => i32:2
test_add_2_i32() => i32:1
test_add_3_i32() => i32:4294967294
test_add_4_i32() => i32:0
test_add_5_i32() => i32:2147483648
test_add_6_i32() => i32:2147483647
test_add_7_i32() => i32:0
test_add_8_i32() => i32:1073741824
test_sub_1_i32() => i32:0
test_sub_2_i32() => i32:1
test_sub_3_i32() => i32:0
test_sub_4_i32() => i32:4294967294
test_sub_5_i32() => i32:2147483648
test_sub_6_i32() => i32:2147483647
test_sub_7_i32() => i32:0
test_sub_8_i32() => i32:1073741824
test_mul_1_i32() => i32:1
test_mul_2_i32() => i32:0
test_mul_3_i32() => i32:1
test_mul_4_i32() => i32:0
test_mul_5_i32() => i32:0
test_mul_6_i32() => i32:2147483648
test_mul_7_i32() => i32:2147483649
test_mul_8_i32() => i32:898528368
test_mul_9_i32() => i32:1
test_div_s_1_i32() => error: integer divide by zero
  at ??? + 0x14
[Interpreter to JIT transition]
  at test_div_s_1_i32 + 0x8
test_div_s_2_i32() => error: integer divide by zero
  at ??? + 0x14
[Interpreter to JIT transition]
  at test_div_s_2_i32 + 0x8
test_div_s_3_i32() => error: integer overflow
  at ??? + 0x14
[Interpreter to JIT transition]
  at test_div_s_3_i32 + 0x8
test_div_s_4_i32() => i32:1
test_div_s_5_i32() => i32:0
test_div_s_6_i32() => i32:0
test_div_s_7_i32() => i32:1
test_div_s_8_i32() => i32:3221225472
test_div_s_9_i32() => i32:4292819813
test_div_s_10_i32() => i32:2
test_div_s_11_i32() => i32:4294967294
test_div_s_12_i32() => i32:4294967294
test_div_s_13_i32() => i32:2
test_div_s_14_i32() => i32:2
test_div_s_15_i32() => i32:4294967294
test_div_s_16_i32() => i32:4294967294
test_div_s_17_i32() => i32:2
test_div_s_18_i32() => i32:2
test_div_s_19_i32() => i32:2
test_rem_s_1_i32() => error: integer divide by zero
  at ??? + 0x14
[Interpreter to JIT transition]
  at test_rem_s_1_i32 + 0x8
test_rem_s_2_i32() => error: integer divide by zero
  at ??? + 0x14
[Interpreter to JIT transition]
  at test_rem_s_2_i32 + 0x8
test_rem_s_3_i32() => i32:0
test_rem_s_4_i32() => i32:0
test_rem_s_5_i32() => i32:0
test_rem_s_6_i32() => i32:0
test_rem_s_7_i32() => i32:0
test_rem_s_8_i32() => i32:0
test_rem_s_9_i32() => i32:0
test_rem_s_10_i32() => i32:4294966649
test_rem_s_11_i32() => i32:1
test_rem_s_12_i32() => i32:4294967295
test_rem_s_13_i32() => i32:1
test_rem_s_14_i32() => i32:4294967295
test_rem_s_15_i32() => i32:1
test_rem_s_16_i32() => i32:4294967295
test_rem_s_17_i32() => i32:1
test_rem_s_18_i32() => i32:4294967295
test_rem_s_19_i32() => i32:1
test_rem_s_20_i32() => i32:3
