test_i64_eqz_1() => i32:1
test_i64_eqz_2() => i32:0
test_i64_eqz_3() => i32:0
test_i64_eq_1() => i32:1
test_i64_eq_2() => i32:0
test_i64_eq_3() => i32:1
test_i64_eq_4() => i32:0
test_i64_ne_1() => i32:0
test_i64_ne_2() => i32:1
test_i64_ne_3() => i32:0
test_i64_ne_4() => i32:1
test_i64_lt_s_1() => i32:1
test_i64_lt_s_2() => i32:0
test_i64_lt_s_3() => i32:0
test_i64_lt_u_1() => i32:0
test_i64_lt_u_2() => i32:0
test_i64_lt_u_3() => i32:1
test_i64_gt_s_1() => i32:0
test_i64_gt_s_2() => i32:0
test_i64_gt_s_3() => i32:1
test_i64_gt_u_1() => i32:1
test_i64_gt_u_2() => i32:0
test_i64_gt_u_3() => i32:0
test_i64_le_s_1() => i32:1
test_i64_le_s_2() => i32:1
test_i64_le_s_3() => i32:0
test_i64_le_u_1() => i32:0
test_i64_le_u_2() => i32:1
test_i64_le_u_3() => i32:1
test_i64_ge_s_1() => i32:0
test_i64_ge_s_2() => i32:1
test_i64_ge_s_3() => i32:1
test_i64_ge_u_1() => i32:1
test_i64_ge_u_2() => i32:1
test_i64_ge_u_3() => i32:0
