test_i64_and_1() => i64:17
test_i64_and_2() => i64:0
test_i64_or_1() => i64:23
test_i64_or_2() => i64:18446744073709551615
test_i64_xor_1() => i64:6
test_i64_xor_2() => i64:18446744073709551615
test_i64_shl_1() => i64:1
test_i64_shl_2() => i64:8
test_i64_shl_3() => i64:2
test_i64_shr_s_1() => i64:16
test_i64_shr_s_2() => i64:2
test_i64_shr_s_3() => i64:8
test_i64_shr_s_4() => i64:18446744073709551615
test_i64_shr_u_1() => i64:16
test_i64_shr_u_2() => i64:2
test_i64_shr_u_3() => i64:8
test_i64_shr_u_4() => i64:18014398509481983
test_i64_rotl_1() => i64:1
test_i64_rotl_2() => i64:32
test_i64_rotl_3() => i64:562958543486978
test_i64_rotl_4() => i64:2305878194122661888
test_i64_rotr_1() => i64:16
test_i64_rotr_2() => i64:2
test_i64_rotr_3() => i64:576469548530665472
test_i64_rotr_4() => i64:9223512776490647552
