test_i32_store_1() => i32:4278255360
test_i32_store_2() => i32:4278255360
test_i32_store_3() => i32:16711935
test_i32_store_4() => i32:16711935
test_i32_store_5() => i32:2864434397
test_i32_store_6() => error: out of bounds memory access
  at ??? + 0x1c
[Interpreter to JIT transition]
  at test_i32_store_6 + 0x18
test_i32_store_7() => error: out of bounds memory access
  at ??? + 0x1c
[Interpreter to JIT transition]
  at test_i32_store_7 + 0x18
test_i32_store_8() => error: out of bounds memory access
  at ??? + 0x1c
[Interpreter to JIT transition]
  at test_i32_store_8 + 0x18
test_i32_store_9() => error: out of bounds memory access
  at ??? + 0x1c
[Interpreter to JIT transition]
  at test_i32_store_9 + 0x18
test_i32_store_10() => error: out of bounds memory access
  at ??? + 0x1c
[Interpreter to JIT transition]
  at test_i32_store_10 + 0x18
test_i64_store_1() => i64:18374966859414961920
test_i64_store_2() => i64:18374966859414961920
test_i64_store_3() => i64:71777214294589695
test_i64_store_4() => i64:71777214294589695
test_i64_store_5() => i64:12302652060373662634
test_i64_store_6() => error: out of bounds memory access
  at ??? + 0x1c
[Interpreter to JIT transition]
  at test_i64_store_6 + 0x1c
test_i64_store_7() => error: out of bounds memory access
  at ??? + 0x1c
[Interpreter to JIT transition]
  at test_i64_store_7 + 0x1c
test_i64_store_8() => error: out of bounds memory access
  at ??? + 0x1c
[Interpreter to JIT transition]
  at test_i64_store_8 + 0x1c
test_i64_store_9() => error: out of bounds memory access
  at ??? + 0x1c
[Interpreter to JIT transition]
  at test_i64_store_9 + 0x1c
test_i64_store_10() => error: out of bounds memory access
  at ??? + 0x1c
[Interpreter to JIT transition]
  at test_i64_store_10 + 0x1c
test_f32_store_1() => f32:-4.500000
test_f32_store_2() => f32:-4.500000
test_f32_store_3() => f32:4.500000
test_f32_store_4() => f32:4.500000
test_f32_store_5() => f32:-inf
test_f32_store_6() => error: out of bounds memory access
  at ??? + 0x1c
[Interpreter to JIT transition]
  at test_f32_store_6 + 0x18
test_f32_store_7() => error: out of bounds memory access
  at ??? + 0x1c
[Interpreter to JIT transition]
  at test_f32_store_7 + 0x18
test_f32_store_8() => error: out of bounds memory access
  at ??? + 0x1c
[Interpreter to JIT transition]
  at test_f32_store_8 + 0x18
test_f32_store_9() => error: out of bounds memory access
  at ??? + 0x1c
[Interpreter to JIT transition]
  at test_f32_store_9 + 0x18
test_f32_store_10() => error: out of bounds memory access
  at ??? + 0x1c
[Interpreter to JIT transition]
  at test_f32_store_10 + 0x18
test_f64_store_1() => f64:-4.500000
test_f64_store_2() => f64:-4.500000
test_f64_store_3() => f64:4.500000
test_f64_store_4() => f64:4.500000
test_f64_store_5() => f64:-inf
test_f64_store_6() => error: out of bounds memory access
  at ??? + 0x1c
[Interpreter to JIT transition]
  at test_f64_store_6 + 0x1c
test_f64_store_7() => error: out of bounds memory access
  at ??? + 0x1c
[Interpreter to JIT transition]
  at test_f64_store_7 + 0x1c
test_f64_store_8() => error: out of bounds memory access
  at ??? + 0x1c
[Interpreter to JIT transition]
  at test_f64_store_8 + 0x1c
test_f64_store_9() => error: out of bounds memory access
  at ??? + 0x1c
[Interpreter to JIT transition]
  at test_f64_store_9 + 0x1c
test_f64_store_10() => error: out of bounds memory access
  at ??? + 0x1c
[Interpreter to JIT transition]
  at test_f64_store_10 + 0x1c
