test_i32_call() => i32:3
test_i64_call() => i64:3
test_f32_call() => f32:3.000000
test_f64_call() => f64:3.000000
test_i32_id_call_0() => i32:0
test_i32_id_call_1() => i32:1
test_i32_id_call_2() => i32:4294967295
test_i32_id_call_3() => i32:4294967293
test_i64_id_call_0() => i64:0
test_i64_id_call_1() => i64:1
test_i64_id_call_2() => i64:18446744073709551615
test_i64_id_call_3() => i64:18446744073709551613
test_f32_id_call_0() => f32:0.000000
test_f32_id_call_1() => f32:1.000000
test_f32_id_call_2() => f32:-1.000000
test_f32_id_call_3() => f32:-3.141590
test_f64_id_call_0() => f64:0.000000
test_f64_id_call_1() => f64:1.000000
test_f64_id_call_2() => f64:-1.000000
test_f64_id_call_3() => f64:-3.141590
