test_i32_load8_u_0() => i32:239
test_i32_load8_u_1() => i32:190
test_i32_load8_u_2() => i32:222
test_i32_load8_u_3() => i32:222
test_i32_load8_u_4() => error: out of bounds memory access
  at ??? + 0x14
[Interpreter to JIT transition]
  at test_i32_load8_u_4 + 0x10
test_i32_load8_u_5() => error: out of bounds memory access
  at ??? + 0x14
[Interpreter to JIT transition]
  at test_i32_load8_u_5 + 0x10
test_i32_load8_u_6() => error: out of bounds memory access
  at ??? + 0x14
[Interpreter to JIT transition]
  at test_i32_load8_u_6 + 0x10
test_i32_load8_s_0() => i32:4294967279
test_i32_load8_s_1() => i32:4294967230
test_i32_load8_s_2() => i32:4294967262
test_i32_load8_s_3() => i32:4294967262
test_i32_load8_s_4() => error: out of bounds memory access
  at ??? + 0x14
[Interpreter to JIT transition]
  at test_i32_load8_s_4 + 0x10
test_i32_load8_s_5() => error: out of bounds memory access
  at ??? + 0x14
[Interpreter to JIT transition]
  at test_i32_load8_s_5 + 0x10
test_i32_load8_s_6() => error: out of bounds memory access
  at ??? + 0x14
[Interpreter to JIT transition]
  at test_i32_load8_s_6 + 0x10
test_i32_load16_u_0() => i32:48879
test_i32_load16_u_1() => i32:57005
test_i32_load16_u_2() => i32:57005
test_i32_load16_u_3() => i32:57005
test_i32_load16_u_4() => error: out of bounds memory access
  at ??? + 0x14
[Interpreter to JIT transition]
  at test_i32_load16_u_4 + 0x10
test_i32_load16_u_5() => error: out of bounds memory access
  at ??? + 0x14
[Interpreter to JIT transition]
  at test_i32_load16_u_5 + 0x10
test_i32_load16_u_6() => error: out of bounds memory access
  at ??? + 0x14
[Interpreter to JIT transition]
  at test_i32_load16_u_6 + 0x10
test_i32_load16_u_7() => error: out of bounds memory access
  at ??? + 0x14
[Interpreter to JIT transition]
  at test_i32_load16_u_7 + 0x10
test_i32_load16_u_8() => error: out of bounds memory access
  at ??? + 0x14
[Interpreter to JIT transition]
  at test_i32_load16_u_8 + 0x10
test_i32_load16_s_0() => i32:4294950639
test_i32_load16_s_1() => i32:4294958765
test_i32_load16_s_2() => i32:4294958765
test_i32_load16_s_3() => i32:4294958765
test_i32_load16_s_4() => error: out of bounds memory access
  at ??? + 0x14
[Interpreter to JIT transition]
  at test_i32_load16_s_4 + 0x10
test_i32_load16_s_5() => error: out of bounds memory access
  at ??? + 0x14
[Interpreter to JIT transition]
  at test_i32_load16_s_5 + 0x10
test_i32_load16_s_6() => error: out of bounds memory access
  at ??? + 0x14
[Interpreter to JIT transition]
  at test_i32_load16_s_6 + 0x10
test_i32_load16_s_7() => error: out of bounds memory access
  at ??? + 0x14
[Interpreter to JIT transition]
  at test_i32_load16_s_7 + 0x10
test_i32_load16_s_8() => error: out of bounds memory access
  at ??? + 0x14
[Interpreter to JIT transition]
  at test_i32_load16_s_8 + 0x10
test_i64_load8_u_0() => i64:13
test_i64_load8_u_1() => i64:240
test_i64_load8_u_2() => i64:222
test_i64_load8_u_3() => i64:222
test_i64_load8_u_4() => error: out of bounds memory access
  at ??? + 0x14
[Interpreter to JIT transition]
  at test_i64_load8_u_4 + 0x10
test_i64_load8_u_5() => error: out of bounds memory access
  at ??? + 0x14
[Interpreter to JIT transition]
  at test_i64_load8_u_5 + 0x10
test_i64_load8_u_6() => error: out of bounds memory access
  at ??? + 0x14
[Interpreter to JIT transition]
  at test_i64_load8_u_6 + 0x10
test_i64_load8_s_0() => i64:13
test_i64_load8_s_1() => i64:18446744073709551600
test_i64_load8_s_2() => i64:18446744073709551582
test_i64_load8_s_3() => i64:18446744073709551582
test_i64_load8_s_4() => error: out of bounds memory access
  at ??? + 0x14
[Interpreter to JIT transition]
  at test_i64_load8_s_4 + 0x10
test_i64_load8_s_5() => error: out of bounds memory access
  at ??? + 0x14
[Interpreter to JIT transition]
  at test_i64_load8_s_5 + 0x10
test_i64_load8_s_6() => error: out of bounds memory access
  at ??? + 0x14
[Interpreter to JIT transition]
  at test_i64_load8_s_6 + 0x10
test_i64_load16_u_0() => i64:61453
test_i64_load16_u_1() => i64:47789
test_i64_load16_u_2() => i64:57005
test_i64_load16_u_3() => i64:57005
test_i64_load16_u_4() => error: out of bounds memory access
  at ??? + 0x14
[Interpreter to JIT transition]
  at test_i64_load16_u_4 + 0x10
test_i64_load16_u_5() => error: out of bounds memory access
  at ??? + 0x14
[Interpreter to JIT transition]
  at test_i64_load16_u_5 + 0x10
test_i64_load16_u_6() => error: out of bounds memory access
  at ??? + 0x14
[Interpreter to JIT transition]
  at test_i64_load16_u_6 + 0x10
test_i64_load16_u_7() => error: out of bounds memory access
  at ??? + 0x14
[Interpreter to JIT transition]
  at test_i64_load16_u_7 + 0x10
test_i64_load16_u_8() => error: out of bounds memory access
  at ??? + 0x14
[Interpreter to JIT transition]
  at test_i64_load16_u_8 + 0x10
test_i64_load16_s_0() => i64:18446744073709547533
test_i64_load16_s_1() => i64:18446744073709533869
test_i64_load16_s_2() => i64:18446744073709543085
test_i64_load16_s_3() => i64:18446744073709543085
test_i64_load16_s_4() => error: out of bounds memory access
  at ??? + 0x14
[Interpreter to JIT transition]
  at test_i64_load16_s_4 + 0x10
test_i64_load16_s_5() => error: out of bounds memory access
  at ??? + 0x14
[Interpreter to JIT transition]
  at test_i64_load16_s_5 + 0x10
test_i64_load16_s_6() => error: out of bounds memory access
  at ??? + 0x14
[Interpreter to JIT transition]
  at test_i64_load16_s_6 + 0x10
test_i64_load16_s_7() => error: out of bounds memory access
  at ??? + 0x14
[Interpreter to JIT transition]
  at test_i64_load16_s_7 + 0x10
test_i64_load16_s_8() => error: out of bounds memory access
  at ??? + 0x14
[Interpreter to JIT transition]
  at test_i64_load16_s_8 + 0x10
test_i64_load32_u_0() => i64:3131961357
test_i64_load32_u_1() => i64:3735928559
test_i64_load32_u_2() => i64:3735928559
test_i64_load32_u_3() => i64:3735928559
test_i64_load32_u_4() => error: out of bounds memory access
  at ??? + 0x14
[Interpreter to JIT transition]
  at test_i64_load32_u_4 + 0x10
test_i64_load32_u_5() => error: out of bounds memory access
  at ??? + 0x14
[Interpreter to JIT transition]
  at test_i64_load32_u_5 + 0x10
test_i64_load32_u_6() => error: out of bounds memory access
  at ??? + 0x14
[Interpreter to JIT transition]
  at test_i64_load32_u_6 + 0x10
test_i64_load32_u_7() => error: out of bounds memory access
  at ??? + 0x14
[Interpreter to JIT transition]
  at test_i64_load32_u_7 + 0x10
test_i64_load32_u_8() => error: out of bounds memory access
  at ??? + 0x14
[Interpreter to JIT transition]
  at test_i64_load32_u_8 + 0x10
test_i64_load32_s_0() => i64:18446744072546545677
test_i64_load32_s_1() => i64:18446744073150512879
test_i64_load32_s_2() => i64:18446744073150512879
test_i64_load32_s_3() => i64:18446744073150512879
test_i64_load32_s_4() => error: out of bounds memory access
  at ??? + 0x14
[Interpreter to JIT transition]
  at test_i64_load32_s_4 + 0x10
test_i64_load32_s_5() => error: out of bounds memory access
  at ??? + 0x14
[Interpreter to JIT transition]
  at test_i64_load32_s_5 + 0x10
test_i64_load32_s_6() => error: out of bounds memory access
  at ??? + 0x14
[Interpreter to JIT transition]
  at test_i64_load32_s_6 + 0x10
test_i64_load32_s_7() => error: out of bounds memory access
  at ??? + 0x14
[Interpreter to JIT transition]
  at test_i64_load32_s_7 + 0x10
test_i64_load32_s_8() => error: out of bounds memory access
  at ??? + 0x14
[Interpreter to JIT transition]
  at test_i64_load32_s_8 + 0x10
