test_f64_eq_1() => i32:1
test_f64_eq_2() => i32:0
test_f64_eq_3() => i32:0
test_f64_eq_4() => i32:1
test_f64_eq_5() => i32:1
test_f64_eq_6() => i32:0
test_f64_eq_7() => i32:0
test_f64_eq_8() => i32:1
test_f64_eq_9() => i32:1
test_f64_eq_10() => i32:0
test_f64_ne_1() => i32:0
test_f64_ne_2() => i32:1
test_f64_ne_3() => i32:1
test_f64_ne_4() => i32:0
test_f64_ne_5() => i32:0
test_f64_ne_6() => i32:1
test_f64_ne_7() => i32:1
test_f64_ne_8() => i32:0
test_f64_ne_9() => i32:0
test_f64_ne_10() => i32:1
test_f64_lt_1() => i32:0
test_f64_lt_2() => i32:1
test_f64_lt_3() => i32:0
test_f64_lt_4() => i32:1
test_f64_lt_5() => i32:0
test_f64_lt_6() => i32:0
test_f64_lt_7() => i32:1
test_f64_lt_8() => i32:0
test_f64_lt_9() => i32:0
test_f64_lt_10() => i32:0
test_f64_lt_11() => i32:0
test_f64_le_1() => i32:1
test_f64_le_2() => i32:1
test_f64_le_3() => i32:0
test_f64_le_4() => i32:1
test_f64_le_5() => i32:0
test_f64_le_6() => i32:1
test_f64_le_7() => i32:1
test_f64_le_8() => i32:0
test_f64_le_9() => i32:1
test_f64_le_10() => i32:0
test_f64_le_11() => i32:0
test_f64_gt_1() => i32:0
test_f64_gt_2() => i32:0
test_f64_gt_3() => i32:1
test_f64_gt_4() => i32:0
test_f64_gt_5() => i32:1
test_f64_gt_6() => i32:0
test_f64_gt_7() => i32:0
test_f64_gt_8() => i32:1
test_f64_gt_9() => i32:0
test_f64_gt_10() => i32:0
test_f64_gt_11() => i32:0
test_f64_ge_1() => i32:1
test_f64_ge_2() => i32:0
test_f64_ge_3() => i32:1
test_f64_ge_4() => i32:0
test_f64_ge_5() => i32:1
test_f64_ge_6() => i32:1
test_f64_ge_7() => i32:0
test_f64_ge_8() => i32:1
test_f64_ge_9() => i32:1
test_f64_ge_10() => i32:0
test_f64_ge_11() => i32:0
