test_f64_min_0() => f64:-1.000000
test_f64_min_1() => f64:0.000000
test_f64_min_2() => f64:-1.000000
test_f64_min_3() => f64:-inf
test_f64_min_4() => f64:-inf
test_f64_min_5() => f64:3.140000
test_f64_min_6() => f64:-6.280000
test_f64_min_7() => f64:-0.000000
test_f64_min_8() => f64:-0.000000
test_f64_min_9() => f64:0.000000
test_f64_min_10() => f64:nan
test_f64_min_11() => f64:-nan
test_f64_min_12() => f64:nan
test_f64_min_13() => f64:nan
test_f64_min_14() => f64:-nan
test_f64_max_0() => f64:1.000000
test_f64_max_1() => f64:-0.000000
test_f64_max_2() => f64:1.000000
test_f64_max_3() => f64:inf
test_f64_max_4() => f64:inf
test_f64_max_5() => f64:3.140000
test_f64_max_6() => f64:-6.280000
test_f64_max_7() => f64:0.000000
test_f64_max_8() => f64:0.000000
test_f64_max_9() => f64:-0.000000
test_f64_max_10() => f64:nan
test_f64_max_11() => f64:-nan
test_f64_max_12() => f64:nan
test_f64_max_13() => f64:nan
test_f64_max_14() => f64:-nan
