test_get_local_i32_1() => i32:0
test_get_local_i32_2() => i32:1
test_get_local_i32_3() => i32:42
test_get_local_i32_4() => i32:4294967295
test_get_local_i64_1() => i64:0
test_get_local_i64_2() => i64:1
test_get_local_i64_3() => i64:42
test_get_local_i64_4() => i64:18446744073709551615
test_get_local_f32_1() => f32:0.000000
test_get_local_f32_2() => f32:-0.000000
test_get_local_f32_3() => f32:1.000000
test_get_local_f32_4() => f32:-1.000000
test_get_local_f32_5() => f32:4.200000
test_get_local_f32_6() => f32:-4.200000
test_get_local_f32_7() => f32:inf
test_get_local_f32_8() => f32:-inf
test_get_local_f32_9() => f32:nan
test_get_local_f64_1() => f64:0.000000
test_get_local_f64_2() => f64:-0.000000
test_get_local_f64_3() => f64:1.000000
test_get_local_f64_4() => f64:-1.000000
test_get_local_f64_5() => f64:4.200000
test_get_local_f64_6() => f64:-4.200000
test_get_local_f64_7() => f64:inf
test_get_local_f64_8() => f64:-inf
test_get_local_f64_9() => f64:nan
test_set_local_i32_1() => i32:0
test_set_local_i32_2() => i32:1
test_set_local_i32_3() => i32:42
test_set_local_i32_4() => i32:4294967295
test_set_local_i64_1() => i64:0
test_set_local_i64_2() => i64:1
test_set_local_i64_3() => i64:42
test_set_local_i64_4() => i64:18446744073709551615
test_set_local_f32_1() => f32:0.000000
test_set_local_f32_2() => f32:-0.000000
test_set_local_f32_3() => f32:1.000000
test_set_local_f32_4() => f32:-1.000000
test_set_local_f32_5() => f32:4.200000
test_set_local_f32_6() => f32:-4.200000
test_set_local_f32_7() => f32:inf
test_set_local_f32_8() => f32:-inf
test_set_local_f32_9() => f32:nan
test_set_local_f64_1() => f64:0.000000
test_set_local_f64_2() => f64:-0.000000
test_set_local_f64_3() => f64:1.000000
test_set_local_f64_4() => f64:-1.000000
test_set_local_f64_5() => f64:4.200000
test_set_local_f64_6() => f64:-4.200000
test_set_local_f64_7() => f64:inf
test_set_local_f64_8() => f64:-inf
test_set_local_f64_9() => f64:nan
test_tee_local_i32_1() => i32:0
test_tee_local_i32_2() => i32:1
test_tee_local_i32_3() => i32:42
test_tee_local_i32_4() => i32:4294967295
test_tee_local_i64_1() => i64:0
test_tee_local_i64_2() => i64:1
test_tee_local_i64_3() => i64:42
test_tee_local_i64_4() => i64:18446744073709551615
test_tee_local_f32_1() => f32:0.000000
test_tee_local_f32_2() => f32:-0.000000
test_tee_local_f32_3() => f32:1.000000
test_tee_local_f32_4() => f32:-1.000000
test_tee_local_f32_5() => f32:4.200000
test_tee_local_f32_6() => f32:-4.200000
test_tee_local_f32_7() => f32:inf
test_tee_local_f32_8() => f32:-inf
test_tee_local_f32_9() => f32:nan
test_tee_local_f64_1() => f64:0.000000
test_tee_local_f64_2() => f64:-0.000000
test_tee_local_f64_3() => f64:1.000000
test_tee_local_f64_4() => f64:-1.000000
test_tee_local_f64_5() => f64:4.200000
test_tee_local_f64_6() => f64:-4.200000
test_tee_local_f64_7() => f64:inf
test_tee_local_f64_8() => f64:-inf
test_tee_local_f64_9() => f64:nan
