test_i32_and_1() => i32:17
test_i32_and_2() => i32:0
test_i32_or_1() => i32:23
test_i32_or_2() => i32:4294967295
test_i32_xor_1() => i32:6
test_i32_xor_2() => i32:4294967295
test_i32_shl_1() => i32:1
test_i32_shl_2() => i32:8
test_i32_shl_3() => i32:2
test_i32_shr_s_1() => i32:16
test_i32_shr_s_2() => i32:2
test_i32_shr_s_3() => i32:8
test_i32_shr_s_4() => i32:4294967295
test_i32_shr_u_1() => i32:16
test_i32_shr_u_2() => i32:2
test_i32_shr_u_3() => i32:8
test_i32_shr_u_4() => i32:4194303
test_i32_rotl_1() => i32:1
test_i32_rotl_2() => i32:32
test_i32_rotl_3() => i32:131074
test_i32_rotl_4() => i32:536879104
test_i32_rotr_1() => i32:16
test_i32_rotr_2() => i32:2
test_i32_rotr_3() => i32:134219776
test_i32_rotr_4() => i32:2147516416
