test_add_1_i64() => i64:2
test_add_2_i64() => i64:1
test_add_3_i64() => i64:18446744073709551614
test_add_4_i64() => i64:0
test_add_5_i64() => i64:9223372036854775808
test_add_6_i64() => i64:9223372036854775807
test_add_7_i64() => i64:0
test_add_8_i64() => i64:1073741824
test_sub_1_i64() => i64:0
test_sub_2_i64() => i64:1
test_sub_3_i64() => i64:0
test_sub_4_i64() => i64:18446744073709551614
test_sub_5_i64() => i64:9223372036854775808
test_sub_6_i64() => i64:9223372036854775807
test_sub_7_i64() => i64:0
test_sub_8_i64() => i64:1073741824
test_mul_1_i64() => i64:1
test_mul_2_i64() => i64:0
test_mul_3_i64() => i64:1
test_mul_4_i64() => i64:0
test_mul_5_i64() => i64:0
test_mul_6_i64() => i64:9223372036854775808
test_mul_7_i64() => i64:9223372036854775809
test_mul_8_i64() => i64:2465395958572223728
test_mul_9_i64() => i64:1
test_div_s_1_i64() => error: integer divide by zero
  at ??? + 0x1c
[Interpreter to JIT transition]
  at test_div_s_1_i64 + 0x8
test_div_s_2_i64() => error: integer divide by zero
  at ??? + 0x1c
[Interpreter to JIT transition]
  at test_div_s_2_i64 + 0x8
test_div_s_3_i64() => error: integer overflow
  at ??? + 0x1c
[Interpreter to JIT transition]
  at test_div_s_3_i64 + 0x8
test_div_s_4_i64() => i64:1
test_div_s_5_i64() => i64:0
test_div_s_6_i64() => i64:0
test_div_s_7_i64() => i64:1
test_div_s_8_i64() => i64:13835058055282163712
test_div_s_9_i64() => i64:18437520701672696841
test_div_s_10_i64() => i64:2
test_div_s_11_i64() => i64:18446744073709551614
test_div_s_12_i64() => i64:18446744073709551614
test_div_s_13_i64() => i64:2
test_div_s_14_i64() => i64:2
test_div_s_15_i64() => i64:18446744073709551614
test_div_s_16_i64() => i64:18446744073709551614
test_div_s_17_i64() => i64:2
test_div_s_18_i64() => i64:2
test_div_s_19_i64() => i64:2
test_rem_s_1_i64() => error: integer divide by zero
  at ??? + 0x1c
[Interpreter to JIT transition]
  at test_rem_s_1_i64 + 0x8
test_rem_s_2_i64() => error: integer divide by zero
  at ??? + 0x1c
[Interpreter to JIT transition]
  at test_rem_s_2_i64 + 0x8
test_rem_s_3_i64() => i64:0
test_rem_s_4_i64() => i64:0
test_rem_s_5_i64() => i64:0
test_rem_s_6_i64() => i64:0
test_rem_s_7_i64() => i64:0
test_rem_s_8_i64() => i64:0
test_rem_s_9_i64() => i64:0
test_rem_s_10_i64() => i64:18446744073709550809
test_rem_s_11_i64() => i64:1
test_rem_s_12_i64() => i64:18446744073709551615
test_rem_s_13_i64() => i64:1
test_rem_s_14_i64() => i64:18446744073709551615
test_rem_s_15_i64() => i64:1
test_rem_s_16_i64() => i64:18446744073709551615
test_rem_s_17_i64() => i64:1
test_rem_s_18_i64() => i64:18446744073709551615
test_rem_s_19_i64() => i64:1
test_rem_s_20_i64() => i64:3
