test_i32_load_1() => i32:4278255360
test_i32_load_2() => i32:4278255360
test_i32_load_3() => i32:16711935
test_i32_load_4() => i32:16711935
test_i32_load_5() => i32:2864434397
test_i32_load_6() => error: out of bounds memory access
  at ??? + 0x14
[Interpreter to JIT transition]
  at test_i32_load_6 + 0x10
test_i32_load_7() => error: out of bounds memory access
  at ??? + 0x14
[Interpreter to JIT transition]
  at test_i32_load_7 + 0x10
test_i32_load_8() => error: out of bounds memory access
  at ??? + 0x14
[Interpreter to JIT transition]
  at test_i32_load_8 + 0x10
test_i32_load_9() => error: out of bounds memory access
  at ??? + 0x14
[Interpreter to JIT transition]
  at test_i32_load_9 + 0x10
test_i32_load_10() => error: out of bounds memory access
  at ??? + 0x14
[Interpreter to JIT transition]
  at test_i32_load_10 + 0x10
test_i64_load_1() => i64:18374966859414961920
test_i64_load_2() => i64:18374966859414961920
test_i64_load_3() => i64:71777214294589695
test_i64_load_4() => i64:71777214294589695
test_i64_load_5() => i64:12302652060373662634
test_i64_load_6() => error: out of bounds memory access
  at ??? + 0x14
[Interpreter to JIT transition]
  at test_i64_load_6 + 0x10
test_i64_load_7() => error: out of bounds memory access
  at ??? + 0x14
[Interpreter to JIT transition]
  at test_i64_load_7 + 0x10
test_i64_load_8() => error: out of bounds memory access
  at ??? + 0x14
[Interpreter to JIT transition]
  at test_i64_load_8 + 0x10
test_i64_load_9() => error: out of bounds memory access
  at ??? + 0x14
[Interpreter to JIT transition]
  at test_i64_load_9 + 0x10
test_i64_load_10() => error: out of bounds memory access
  at ??? + 0x14
[Interpreter to JIT transition]
  at test_i64_load_10 + 0x10
test_f32_load_1() => f32:-4.500000
test_f32_load_2() => f32:-4.500000
test_f32_load_3() => f32:4.500000
test_f32_load_4() => f32:4.500000
test_f32_load_5() => f32:-inf
test_f32_load_6() => error: out of bounds memory access
  at ??? + 0x14
[Interpreter to JIT transition]
  at test_f32_load_6 + 0x10
test_f32_load_7() => error: out of bounds memory access
  at ??? + 0x14
[Interpreter to JIT transition]
  at test_f32_load_7 + 0x10
test_f32_load_8() => error: out of bounds memory access
  at ??? + 0x14
[Interpreter to JIT transition]
  at test_f32_load_8 + 0x10
test_f32_load_9() => error: out of bounds memory access
  at ??? + 0x14
[Interpreter to JIT transition]
  at test_f32_load_9 + 0x10
test_f32_load_10() => error: out of bounds memory access
  at ??? + 0x14
[Interpreter to JIT transition]
  at test_f32_load_10 + 0x10
test_f64_load_1() => f64:-4.500000
test_f64_load_2() => f64:-4.500000
test_f64_load_3() => f64:4.500000
test_f64_load_4() => f64:4.500000
test_f64_load_5() => f64:-inf
test_f64_load_6() => error: out of bounds memory access
  at ??? + 0x14
[Interpreter to JIT transition]
  at test_f64_load_6 + 0x10
test_f64_load_7() => error: out of bounds memory access
  at ??? + 0x14
[Interpreter to JIT transition]
  at test_f64_load_7 + 0x10
test_f64_load_8() => error: out of bounds memory access
  at ??? + 0x14
[Interpreter to JIT transition]
  at test_f64_load_8 + 0x10
test_f64_load_9() => error: out of bounds memory access
  at ??? + 0x14
[Interpreter to JIT transition]
  at test_f64_load_9 + 0x10
test_f64_load_10() => error: out of bounds memory access
  at ??? + 0x14
[Interpreter to JIT transition]
  at test_f64_load_10 + 0x10
